Arguments: 
  C:\Program Files\nodejs\node.exe C:\Users\sangh\AppData\Roaming\npm\node_modules\yarn\bin\yarn.js add @tensorflow-models/webgazer

PATH: 
  C:\Users\sangh\AppData\Local\Programs\Python\Python39\Scripts\;C:\Users\sangh\AppData\Local\Programs\Python\Python39\;C:\Program Files (x86)\VMware\VMware Player\bin\;C:\Windows\system32;C:\Windows;C:\Windows\System32\Wbem;C:\Windows\System32\WindowsPowerShell\v1.0\;C:\Windows\System32\OpenSSH\;C:\Program Files\Git\cmd;C:\Program Files\nodejs\;C:\ProgramData\chocolatey\bin;C:\Users\sangh\AppData\Local\Microsoft\WindowsApps;C:\Users\sangh\AppData\Local\Programs\Microsoft VS Code\bin;C:\Users\sangh\AppData\Local\GitHubDesktop\bin;C:\Program Files\Bandizip\;C:\Users\sangh\AppData\Roaming\npm;C:\Program Files\CMake\bin

Yarn version: 
  1.22.15

Node version: 
  14.17.6

Platform: 
  win32 x64

Trace: 
  Error: https://registry.yarnpkg.com/@tensorflow-models%2fwebgazer: Not found
      at Request.params.callback [as _callback] (C:\Users\sangh\AppData\Roaming\npm\node_modules\yarn\lib\cli.js:66140:18)
      at Request.self.callback (C:\Users\sangh\AppData\Roaming\npm\node_modules\yarn\lib\cli.js:140885:22)
      at Request.emit (events.js:400:28)
      at Request.<anonymous> (C:\Users\sangh\AppData\Roaming\npm\node_modules\yarn\lib\cli.js:141857:10)
      at Request.emit (events.js:400:28)
      at IncomingMessage.<anonymous> (C:\Users\sangh\AppData\Roaming\npm\node_modules\yarn\lib\cli.js:141779:12)
      at Object.onceWrapper (events.js:519:28)
      at IncomingMessage.emit (events.js:412:35)
      at endReadableNT (internal/streams/readable.js:1317:12)
      at processTicksAndRejections (internal/process/task_queues.js:82:21)

npm manifest: 
  No manifest

yarn manifest: 
  No manifest

Lockfile: 
  No lockfile
